<?xml version="1.0" encoding="UTF-8"?>
<testng-results ignored="0" total="1" passed="1" failed="0" skipped="0">
  <reporter-output>
  </reporter-output>
  <suite started-at="2022-01-24T18:39:08 IST" name="Default suite" finished-at="2022-01-24T18:39:14 IST" duration-ms="5184">
    <groups>
    </groups>
    <test started-at="2022-01-24T18:39:08 IST" name="Default test" finished-at="2022-01-24T18:39:14 IST" duration-ms="5184">
      <class name="com.dropDown.RemoveDuplicates">
        <test-method signature="dropDown()[pri:0, instance:com.dropDown.RemoveDuplicates@28f3b248]" started-at="2022-01-24T18:39:08 IST" name="dropDown" finished-at="2022-01-24T18:39:14 IST" duration-ms="5146" status="PASS">
          <reporter-output>
          </reporter-output>
        </test-method> <!-- dropDown -->
      </class> <!-- com.dropDown.RemoveDuplicates -->
    </test> <!-- Default test -->
  </suite> <!-- Default suite -->
</testng-results>
